1531817570.414278 client started (21672): version master, socket /tmp/tmux-1000/default, protocol 8
1531817570.414314 on Linux 4.13.0-45-generic #50~16.04.1-Ubuntu SMP Wed May 30 11:18:27 UTC 2018; libevent 2.0.21-stable (poll)
1531817570.414344 socket is /tmp/tmux-1000/default
1531817570.414355 trying connect
1531817570.414422 add peer 0x1a5a880: 6 ((nil))
1531817570.414493 sending message 100 to peer 0x1a5a880 (4 bytes)
1531817570.414504 sending message 101 to peer 0x1a5a880 (16 bytes)
1531817570.414510 sending message 102 to peer 0x1a5a880 (11 bytes)
1531817570.414515 sending message 108 to peer 0x1a5a880 (23 bytes)
1531817570.414523 sending message 104 to peer 0x1a5a880 (0 bytes)
1531817570.414528 sending message 107 to peer 0x1a5a880 (4 bytes)
1531817570.414534 sending message 105 to peer 0x1a5a880 (20 bytes)
1531817570.414539 sending message 105 to peer 0x1a5a880 (19 bytes)
1531817570.414544 sending message 105 to peer 0x1a5a880 (25 bytes)
1531817570.414549 sending message 105 to peer 0x1a5a880 (60 bytes)
1531817570.414554 sending message 105 to peer 0x1a5a880 (52 bytes)
1531817570.414560 sending message 105 to peer 0x1a5a880 (24 bytes)
1531817570.414565 sending message 105 to peer 0x1a5a880 (13 bytes)
1531817570.414570 sending message 105 to peer 0x1a5a880 (19 bytes)
1531817570.414575 sending message 105 to peer 0x1a5a880 (15 bytes)
1531817570.414581 sending message 105 to peer 0x1a5a880 (21 bytes)
1531817570.414586 sending message 105 to peer 0x1a5a880 (20 bytes)
1531817570.414591 sending message 105 to peer 0x1a5a880 (20 bytes)
1531817570.414596 sending message 105 to peer 0x1a5a880 (23 bytes)
1531817570.414601 sending message 105 to peer 0x1a5a880 (19 bytes)
1531817570.414606 sending message 105 to peer 0x1a5a880 (49 bytes)
1531817570.414611 sending message 105 to peer 0x1a5a880 (15 bytes)
1531817570.414616 sending message 105 to peer 0x1a5a880 (24 bytes)
1531817570.414621 sending message 105 to peer 0x1a5a880 (16 bytes)
1531817570.414626 sending message 105 to peer 0x1a5a880 (23 bytes)
1531817570.414631 sending message 105 to peer 0x1a5a880 (18 bytes)
1531817570.414641 sending message 105 to peer 0x1a5a880 (10 bytes)
1531817570.414646 sending message 105 to peer 0x1a5a880 (9 bytes)
1531817570.414651 sending message 105 to peer 0x1a5a880 (17 bytes)
1531817570.414657 sending message 105 to peer 0x1a5a880 (15 bytes)
1531817570.414662 sending message 105 to peer 0x1a5a880 (23 bytes)
1531817570.414667 sending message 105 to peer 0x1a5a880 (21 bytes)
1531817570.414672 sending message 105 to peer 0x1a5a880 (30 bytes)
1531817570.414677 sending message 105 to peer 0x1a5a880 (27 bytes)
1531817570.414682 sending message 105 to peer 0x1a5a880 (24 bytes)
1531817570.414687 sending message 105 to peer 0x1a5a880 (20 bytes)
1531817570.414692 sending message 105 to peer 0x1a5a880 (23 bytes)
1531817570.414697 sending message 105 to peer 0x1a5a880 (21 bytes)
1531817570.414702 sending message 105 to peer 0x1a5a880 (25 bytes)
1531817570.414720 sending message 105 to peer 0x1a5a880 (20 bytes)
1531817570.414725 sending message 105 to peer 0x1a5a880 (8 bytes)
1531817570.414730 sending message 105 to peer 0x1a5a880 (13 bytes)
1531817570.414735 sending message 105 to peer 0x1a5a880 (32 bytes)
1531817570.414741 sending message 105 to peer 0x1a5a880 (1416 bytes)
1531817570.414759 sending message 105 to peer 0x1a5a880 (55 bytes)
1531817570.414765 sending message 105 to peer 0x1a5a880 (18 bytes)
1531817570.414770 sending message 105 to peer 0x1a5a880 (32 bytes)
1531817570.414775 sending message 105 to peer 0x1a5a880 (11 bytes)
1531817570.414781 sending message 105 to peer 0x1a5a880 (141 bytes)
1531817570.414786 sending message 105 to peer 0x1a5a880 (27 bytes)
1531817570.414791 sending message 105 to peer 0x1a5a880 (15 bytes)
1531817570.414796 sending message 105 to peer 0x1a5a880 (19 bytes)
1531817570.414801 sending message 105 to peer 0x1a5a880 (14 bytes)
1531817570.414806 sending message 105 to peer 0x1a5a880 (35 bytes)
1531817570.414812 sending message 105 to peer 0x1a5a880 (22 bytes)
1531817570.414817 sending message 105 to peer 0x1a5a880 (16 bytes)
1531817570.414840 sending message 105 to peer 0x1a5a880 (13 bytes)
1531817570.414846 sending message 105 to peer 0x1a5a880 (88 bytes)
1531817570.414851 sending message 105 to peer 0x1a5a880 (19 bytes)
1531817570.414856 sending message 105 to peer 0x1a5a880 (8 bytes)
1531817570.414862 sending message 105 to peer 0x1a5a880 (41 bytes)
1531817570.414867 sending message 105 to peer 0x1a5a880 (21 bytes)
1531817570.414872 sending message 105 to peer 0x1a5a880 (62 bytes)
1531817570.414877 sending message 105 to peer 0x1a5a880 (36 bytes)
1531817570.414882 sending message 105 to peer 0x1a5a880 (13 bytes)
1531817570.414887 sending message 105 to peer 0x1a5a880 (51 bytes)
1531817570.414892 sending message 105 to peer 0x1a5a880 (32 bytes)
1531817570.414897 sending message 105 to peer 0x1a5a880 (18 bytes)
1531817570.414902 sending message 105 to peer 0x1a5a880 (23 bytes)
1531817570.414908 sending message 105 to peer 0x1a5a880 (68 bytes)
1531817570.414913 sending message 105 to peer 0x1a5a880 (10 bytes)
1531817570.414918 sending message 105 to peer 0x1a5a880 (18 bytes)
1531817570.414923 sending message 105 to peer 0x1a5a880 (34 bytes)
1531817570.414928 sending message 105 to peer 0x1a5a880 (78 bytes)
1531817570.414933 sending message 105 to peer 0x1a5a880 (25 bytes)
1531817570.414938 sending message 105 to peer 0x1a5a880 (112 bytes)
1531817570.414944 sending message 105 to peer 0x1a5a880 (48 bytes)
1531817570.414949 sending message 105 to peer 0x1a5a880 (22 bytes)
1531817570.414954 sending message 105 to peer 0x1a5a880 (31 bytes)
1531817570.414959 sending message 105 to peer 0x1a5a880 (15 bytes)
1531817570.414964 sending message 105 to peer 0x1a5a880 (52 bytes)
1531817570.414969 sending message 105 to peer 0x1a5a880 (28 bytes)
1531817570.414974 sending message 105 to peer 0x1a5a880 (18 bytes)
1531817570.414979 sending message 105 to peer 0x1a5a880 (58 bytes)
1531817570.414984 sending message 105 to peer 0x1a5a880 (21 bytes)
1531817570.414989 sending message 105 to peer 0x1a5a880 (11 bytes)
1531817570.414994 sending message 105 to peer 0x1a5a880 (12 bytes)
1531817570.414999 sending message 105 to peer 0x1a5a880 (26 bytes)
1531817570.415005 sending message 105 to peer 0x1a5a880 (26 bytes)
1531817570.415010 sending message 105 to peer 0x1a5a880 (30 bytes)
1531817570.415015 sending message 105 to peer 0x1a5a880 (22 bytes)
1531817570.415020 sending message 105 to peer 0x1a5a880 (74 bytes)
1531817570.415025 sending message 105 to peer 0x1a5a880 (22 bytes)
1531817570.415030 sending message 105 to peer 0x1a5a880 (20 bytes)
1531817570.415035 sending message 105 to peer 0x1a5a880 (21 bytes)
1531817570.415040 sending message 105 to peer 0x1a5a880 (22 bytes)
1531817570.415045 sending message 105 to peer 0x1a5a880 (25 bytes)
1531817570.415051 sending message 105 to peer 0x1a5a880 (29 bytes)
1531817570.415056 sending message 105 to peer 0x1a5a880 (27 bytes)
1531817570.415061 sending message 105 to peer 0x1a5a880 (18 bytes)
1531817570.415066 sending message 105 to peer 0x1a5a880 (21 bytes)
1531817570.415116 sending message 105 to peer 0x1a5a880 (23 bytes)
1531817570.415130 sending message 105 to peer 0x1a5a880 (23 bytes)
1531817570.415137 sending message 105 to peer 0x1a5a880 (20 bytes)
1531817570.415144 sending message 105 to peer 0x1a5a880 (26 bytes)
1531817570.415151 sending message 105 to peer 0x1a5a880 (28 bytes)
1531817570.415158 sending message 105 to peer 0x1a5a880 (28 bytes)
1531817570.415165 sending message 105 to peer 0x1a5a880 (18 bytes)
1531817570.415172 sending message 105 to peer 0x1a5a880 (37 bytes)
1531817570.415179 sending message 105 to peer 0x1a5a880 (37 bytes)
1531817570.415186 sending message 105 to peer 0x1a5a880 (45 bytes)
1531817570.415193 sending message 105 to peer 0x1a5a880 (23 bytes)
1531817570.415200 sending message 105 to peer 0x1a5a880 (29 bytes)
1531817570.415207 sending message 105 to peer 0x1a5a880 (30 bytes)
1531817570.415213 sending message 105 to peer 0x1a5a880 (70 bytes)
1531817570.415221 sending message 105 to peer 0x1a5a880 (45 bytes)
1531817570.415228 sending message 105 to peer 0x1a5a880 (112 bytes)
1531817570.415242 sending message 105 to peer 0x1a5a880 (79 bytes)
1531817570.415250 sending message 105 to peer 0x1a5a880 (40 bytes)
1531817570.415257 sending message 105 to peer 0x1a5a880 (51 bytes)
1531817570.415264 sending message 105 to peer 0x1a5a880 (21 bytes)
1531817570.415271 sending message 106 to peer 0x1a5a880 (0 bytes)
1531817570.415279 sending message 200 to peer 0x1a5a880 (4 bytes)
1531817570.415285 client loop enter
1531817570.416211 peer 0x1a5a880 message 211
1531817570.416234 client_write: sessions should be nested with care, unset $TMUX to force\n
1531817570.416256 peer 0x1a5a880 message 203
1531817570.416265 client loop exit
